build/app/intermediates/manifest_merge_blame_file/debug/manifest-merger-blame-debug-report.txt
1<?xml version="1.0" encoding="utf-8"?>
2<manifest xmlns:android="http://schemas.android.com/apk/res/android"
3    package="com.example.login_app"
4    android:versionCode="1"
5    android:versionName="1.0.0" >
6
7    <uses-sdk
8        android:minSdkVersion="16"
9        android:targetSdkVersion="30" />
10    <!--
11         Flutter needs it to communicate with the running application
12         to allow setting breakpoints, to provide hot reload, etc.
13    -->
14    <uses-permission android:name="android.permission.INTERNET" />
14-->src/main/AndroidManifest.xml:3:5-66
14-->src/main/AndroidManifest.xml:3:22-64
15    <uses-permission android:name="android.permission.ACCESS_NETWORK_STATE" />
15-->[com.google.firebase:firebase-auth:20.0.4] AndroidManifest.xml:24:5-79
15-->[com.google.firebase:firebase-auth:20.0.4] AndroidManifest.xml:24:22-76
16    <uses-permission android:name="android.permission.WAKE_LOCK" />
16-->[com.google.android.gms:play-services-measurement-api:18.0.3] AndroidManifest.xml:24:5-68
16-->[com.google.android.gms:play-services-measurement-api:18.0.3] AndroidManifest.xml:24:22-65
17    <uses-permission android:name="com.google.android.finsky.permission.BIND_GET_INSTALL_REFERRER_SERVICE" />
17-->[com.google.android.gms:play-services-measurement:18.0.3] AndroidManifest.xml:26:5-110
17-->[com.google.android.gms:play-services-measurement:18.0.3] AndroidManifest.xml:26:22-107
18
19    <application
19-->src/main/AndroidManifest.xml:4:4-62:19
20        android:name="androidx.multidex.MultiDexApplication"
21        android:appComponentFactory="androidx.core.app.CoreComponentFactory"
21-->[androidx.core:core:1.1.0] AndroidManifest.xml:24:18-86
22        android:debuggable="true"
23        android:icon="@mipmap/ic_launcher"
23-->src/main/AndroidManifest.xml:6:9-43
24        android:label="login_app"
24-->src/main/AndroidManifest.xml:5:9-34
25        android:supportsRtl="true" >
25-->[com.facebook.android:facebook-login:5.5.1] AndroidManifest.xml:28:18-44
26        <activity
26-->src/main/AndroidManifest.xml:9:9-38:20
27            android:name="com.example.login_app.MainActivity"
27-->src/main/AndroidManifest.xml:11:13-41
28            android:configChanges="orientation|keyboardHidden|keyboard|screenSize|smallestScreenSize|locale|layoutDirection|fontScale|screenLayout|density|uiMode"
28-->src/main/AndroidManifest.xml:14:13-163
29            android:hardwareAccelerated="true"
29-->src/main/AndroidManifest.xml:15:13-47
30            android:launchMode="singleTop"
30-->src/main/AndroidManifest.xml:12:13-43
31            android:theme="@style/LaunchTheme"
31-->src/main/AndroidManifest.xml:13:13-47
32            android:windowSoftInputMode="adjustResize" >
32-->src/main/AndroidManifest.xml:16:13-55
33
34            <!--
35                 Specifies an Android theme to apply to this Activity as soon as
36                 the Android process has started. This theme is visible to the user
37                 while the Flutter UI initializes. After that, this theme continues
38                 to determine the Window background behind the Flutter UI.
39            -->
40            <meta-data
40-->src/main/AndroidManifest.xml:21:13-24:17
41                android:name="io.flutter.embedding.android.NormalTheme"
41-->src/main/AndroidManifest.xml:22:15-70
42                android:resource="@style/NormalTheme" />
42-->src/main/AndroidManifest.xml:23:15-52
43            <!--
44                 Displays an Android View that continues showing the launch screen
45                 Drawable until Flutter paints its first frame, then this splash
46                 screen fades out. A splash screen is useful to avoid any visual
47                 gap between the end of Android's launch screen and the painting of
48                 Flutter's first frame.
49            -->
50            <meta-data
50-->src/main/AndroidManifest.xml:30:13-33:17
51                android:name="io.flutter.embedding.android.SplashScreenDrawable"
51-->src/main/AndroidManifest.xml:31:15-79
52                android:resource="@drawable/launch_background" />
52-->src/main/AndroidManifest.xml:32:15-61
53
54            <intent-filter>
54-->src/main/AndroidManifest.xml:34:13-37:29
55                <action android:name="android.intent.action.MAIN" />
55-->src/main/AndroidManifest.xml:35:17-68
55-->src/main/AndroidManifest.xml:35:25-66
56
57                <category android:name="android.intent.category.LAUNCHER" />
57-->src/main/AndroidManifest.xml:36:17-76
57-->src/main/AndroidManifest.xml:36:27-74
58            </intent-filter>
59        </activity>
60        <!--
61             Don't delete the meta-data below.
62             This is used by the Flutter tool to generate GeneratedPluginRegistrant.java
63        -->
64        <meta-data
64-->src/main/AndroidManifest.xml:41:9-43:33
65            android:name="flutterEmbedding"
65-->src/main/AndroidManifest.xml:42:13-44
66            android:value="2" />
66-->src/main/AndroidManifest.xml:43:13-30
67        <meta-data
67-->src/main/AndroidManifest.xml:44:9-45:50
68            android:name="com.facebook.sdk.ApplicationId"
68-->src/main/AndroidManifest.xml:44:20-65
69            android:value="@string/facebook_app_id" />
69-->src/main/AndroidManifest.xml:45:9-48
70
71        <activity
71-->src/main/AndroidManifest.xml:47:5-50:44
72            android:name="com.facebook.FacebookActivity"
72-->src/main/AndroidManifest.xml:47:15-59
73            android:configChanges="keyboard|keyboardHidden|screenLayout|screenSize|orientation"
73-->src/main/AndroidManifest.xml:48:9-109
74            android:label="@string/app_name"
74-->src/main/AndroidManifest.xml:50:9-41
75            android:theme="@style/com_facebook_activity_theme" />
75-->[com.facebook.android:facebook-common:5.5.1] AndroidManifest.xml:32:13-63
76        <activity
76-->src/main/AndroidManifest.xml:51:5-60:16
77            android:name="com.facebook.CustomTabActivity"
77-->src/main/AndroidManifest.xml:52:9-54
78            android:exported="true" >
78-->src/main/AndroidManifest.xml:53:9-32
79            <intent-filter>
79-->src/main/AndroidManifest.xml:54:9-59:25
80                <action android:name="android.intent.action.VIEW" />
80-->src/main/AndroidManifest.xml:55:13-65
80-->src/main/AndroidManifest.xml:55:21-62
81
82                <category android:name="android.intent.category.DEFAULT" />
82-->src/main/AndroidManifest.xml:56:13-72
82-->src/main/AndroidManifest.xml:56:23-69
83                <category android:name="android.intent.category.BROWSABLE" />
83-->src/main/AndroidManifest.xml:57:13-74
83-->src/main/AndroidManifest.xml:57:23-71
84
85                <data android:scheme="@string/fb_login_protocol_scheme" />
85-->src/main/AndroidManifest.xml:58:13-71
85-->src/main/AndroidManifest.xml:58:19-68
86            </intent-filter>
87        </activity>
88
89        <service
89-->[:firebase_auth] AndroidManifest.xml:8:9-12:19
90            android:name="com.google.firebase.components.ComponentDiscoveryService"
90-->[:firebase_auth] AndroidManifest.xml:8:18-89
91            android:directBootAware="true"
91-->[com.google.firebase:firebase-common:19.5.0] AndroidManifest.xml:35:13-43
92            android:exported="false" >
92-->[com.google.firebase:firebase-auth:20.0.4] AndroidManifest.xml:76:13-37
93            <meta-data
93-->[:firebase_auth] AndroidManifest.xml:9:13-11:85
94                android:name="com.google.firebase.components:io.flutter.plugins.firebase.auth.FlutterFirebaseAuthRegistrar"
94-->[:firebase_auth] AndroidManifest.xml:10:17-124
95                android:value="com.google.firebase.components.ComponentRegistrar" />
95-->[:firebase_auth] AndroidManifest.xml:11:17-82
96            <meta-data
96-->[:firebase_core] AndroidManifest.xml:9:13-11:85
97                android:name="com.google.firebase.components:io.flutter.plugins.firebase.core.FlutterFirebaseCoreRegistrar"
97-->[:firebase_core] AndroidManifest.xml:10:17-124
98                android:value="com.google.firebase.components.ComponentRegistrar" />
98-->[:firebase_core] AndroidManifest.xml:11:17-82
99            <meta-data
99-->[com.google.firebase:firebase-auth:20.0.4] AndroidManifest.xml:77:13-79:85
100                android:name="com.google.firebase.components:com.google.firebase.auth.FirebaseAuthRegistrar"
100-->[com.google.firebase:firebase-auth:20.0.4] AndroidManifest.xml:78:17-109
101                android:value="com.google.firebase.components.ComponentRegistrar" />
101-->[com.google.firebase:firebase-auth:20.0.4] AndroidManifest.xml:79:17-82
102            <meta-data
102-->[com.google.android.gms:play-services-measurement-api:18.0.3] AndroidManifest.xml:30:13-32:85
103                android:name="com.google.firebase.components:com.google.firebase.analytics.connector.internal.AnalyticsConnectorRegistrar"
103-->[com.google.android.gms:play-services-measurement-api:18.0.3] AndroidManifest.xml:31:17-139
104                android:value="com.google.firebase.components.ComponentRegistrar" />
104-->[com.google.android.gms:play-services-measurement-api:18.0.3] AndroidManifest.xml:32:17-82
105            <meta-data
105-->[com.google.firebase:firebase-installations:16.3.5] AndroidManifest.xml:18:13-20:85
106                android:name="com.google.firebase.components:com.google.firebase.installations.FirebaseInstallationsRegistrar"
106-->[com.google.firebase:firebase-installations:16.3.5] AndroidManifest.xml:19:17-127
107                android:value="com.google.firebase.components.ComponentRegistrar" />
107-->[com.google.firebase:firebase-installations:16.3.5] AndroidManifest.xml:20:17-82
108            <!--
109                This registrar is not defined in the dynamic-module-support sdk itself to allow non-firebase
110                clients to use it as well, by defining this registrar in their own core/common library.
111            -->
112            <meta-data
112-->[com.google.firebase:firebase-common:19.5.0] AndroidManifest.xml:43:13-45:85
113                android:name="com.google.firebase.components:com.google.firebase.dynamicloading.DynamicLoadingRegistrar"
113-->[com.google.firebase:firebase-common:19.5.0] AndroidManifest.xml:44:17-121
114                android:value="com.google.firebase.components.ComponentRegistrar" />
114-->[com.google.firebase:firebase-common:19.5.0] AndroidManifest.xml:45:17-82
115        </service>
116
117        <activity
117-->[com.google.firebase:firebase-auth:20.0.4] AndroidManifest.xml:27:9-44:20
118            android:name="com.google.firebase.auth.internal.GenericIdpActivity"
118-->[com.google.firebase:firebase-auth:20.0.4] AndroidManifest.xml:28:13-80
119            android:excludeFromRecents="true"
119-->[com.google.firebase:firebase-auth:20.0.4] AndroidManifest.xml:29:13-46
120            android:exported="true"
120-->[com.google.firebase:firebase-auth:20.0.4] AndroidManifest.xml:30:13-36
121            android:launchMode="singleTask"
121-->[com.google.firebase:firebase-auth:20.0.4] AndroidManifest.xml:31:13-44
122            android:theme="@android:style/Theme.Translucent.NoTitleBar" >
122-->[com.google.firebase:firebase-auth:20.0.4] AndroidManifest.xml:32:13-72
123            <intent-filter>
123-->[com.google.firebase:firebase-auth:20.0.4] AndroidManifest.xml:33:13-43:29
124                <action android:name="android.intent.action.VIEW" />
124-->src/main/AndroidManifest.xml:55:13-65
124-->src/main/AndroidManifest.xml:55:21-62
125
126                <category android:name="android.intent.category.DEFAULT" />
126-->src/main/AndroidManifest.xml:56:13-72
126-->src/main/AndroidManifest.xml:56:23-69
127                <category android:name="android.intent.category.BROWSABLE" />
127-->src/main/AndroidManifest.xml:57:13-74
127-->src/main/AndroidManifest.xml:57:23-71
128
129                <data
129-->src/main/AndroidManifest.xml:58:13-71
130                    android:host="firebase.auth"
131                    android:path="/"
132                    android:scheme="genericidp" />
132-->src/main/AndroidManifest.xml:58:19-68
133            </intent-filter>
134        </activity>
135        <activity
135-->[com.google.firebase:firebase-auth:20.0.4] AndroidManifest.xml:45:9-62:20
136            android:name="com.google.firebase.auth.internal.RecaptchaActivity"
136-->[com.google.firebase:firebase-auth:20.0.4] AndroidManifest.xml:46:13-79
137            android:excludeFromRecents="true"
137-->[com.google.firebase:firebase-auth:20.0.4] AndroidManifest.xml:47:13-46
138            android:exported="true"
138-->[com.google.firebase:firebase-auth:20.0.4] AndroidManifest.xml:48:13-36
139            android:launchMode="singleTask"
139-->[com.google.firebase:firebase-auth:20.0.4] AndroidManifest.xml:49:13-44
140            android:theme="@android:style/Theme.Translucent.NoTitleBar" >
140-->[com.google.firebase:firebase-auth:20.0.4] AndroidManifest.xml:50:13-72
141            <intent-filter>
141-->[com.google.firebase:firebase-auth:20.0.4] AndroidManifest.xml:51:13-61:29
142                <action android:name="android.intent.action.VIEW" />
142-->src/main/AndroidManifest.xml:55:13-65
142-->src/main/AndroidManifest.xml:55:21-62
143
144                <category android:name="android.intent.category.DEFAULT" />
144-->src/main/AndroidManifest.xml:56:13-72
144-->src/main/AndroidManifest.xml:56:23-69
145                <category android:name="android.intent.category.BROWSABLE" />
145-->src/main/AndroidManifest.xml:57:13-74
145-->src/main/AndroidManifest.xml:57:23-71
146
147                <data
147-->src/main/AndroidManifest.xml:58:13-71
148                    android:host="firebase.auth"
149                    android:path="/"
150                    android:scheme="recaptcha" />
150-->src/main/AndroidManifest.xml:58:19-68
151            </intent-filter>
152        </activity>
153
154        <service
154-->[com.google.firebase:firebase-auth:20.0.4] AndroidManifest.xml:64:9-73:19
155            android:name="com.google.firebase.auth.api.fallback.service.FirebaseAuthFallbackService"
155-->[com.google.firebase:firebase-auth:20.0.4] AndroidManifest.xml:65:13-101
156            android:enabled="true"
156-->[com.google.firebase:firebase-auth:20.0.4] AndroidManifest.xml:66:13-35
157            android:exported="false" >
157-->[com.google.firebase:firebase-auth:20.0.4] AndroidManifest.xml:67:13-37
158            <intent-filter>
158-->[com.google.firebase:firebase-auth:20.0.4] AndroidManifest.xml:68:13-72:29
159                <action android:name="com.google.firebase.auth.api.gms.service.START" />
159-->[com.google.firebase:firebase-auth:20.0.4] AndroidManifest.xml:69:17-89
159-->[com.google.firebase:firebase-auth:20.0.4] AndroidManifest.xml:69:25-86
160
161                <category android:name="android.intent.category.DEFAULT" />
161-->src/main/AndroidManifest.xml:56:13-72
161-->src/main/AndroidManifest.xml:56:23-69
162            </intent-filter>
163        </service>
164
165        <provider
165-->[com.google.firebase:firebase-common:19.5.0] AndroidManifest.xml:26:9-31:39
166            android:name="com.google.firebase.provider.FirebaseInitProvider"
166-->[com.google.firebase:firebase-common:19.5.0] AndroidManifest.xml:27:13-77
167            android:authorities="com.example.login_app.firebaseinitprovider"
167-->[com.google.firebase:firebase-common:19.5.0] AndroidManifest.xml:28:13-72
168            android:directBootAware="true"
168-->[com.google.firebase:firebase-common:19.5.0] AndroidManifest.xml:29:13-43
169            android:exported="false"
169-->[com.google.firebase:firebase-common:19.5.0] AndroidManifest.xml:30:13-37
170            android:initOrder="100" />
170-->[com.google.firebase:firebase-common:19.5.0] AndroidManifest.xml:31:13-36
171
172        <activity
172-->[com.google.android.gms:play-services-auth:16.0.1] AndroidManifest.xml:23:9-27:75
173            android:name="com.google.android.gms.auth.api.signin.internal.SignInHubActivity"
173-->[com.google.android.gms:play-services-auth:16.0.1] AndroidManifest.xml:24:13-93
174            android:excludeFromRecents="true"
174-->[com.google.android.gms:play-services-auth:16.0.1] AndroidManifest.xml:25:13-46
175            android:exported="false"
175-->[com.google.android.gms:play-services-auth:16.0.1] AndroidManifest.xml:26:13-37
176            android:theme="@android:style/Theme.Translucent.NoTitleBar" />
176-->[com.google.android.gms:play-services-auth:16.0.1] AndroidManifest.xml:27:13-72
177        <!--
178            Service handling Google Sign-In user revocation. For apps that do not integrate with
179            Google Sign-In, this service will never be started.
180        -->
181        <service
181-->[com.google.android.gms:play-services-auth:16.0.1] AndroidManifest.xml:33:9-36:110
182            android:name="com.google.android.gms.auth.api.signin.RevocationBoundService"
182-->[com.google.android.gms:play-services-auth:16.0.1] AndroidManifest.xml:34:13-89
183            android:exported="true"
183-->[com.google.android.gms:play-services-auth:16.0.1] AndroidManifest.xml:35:13-36
184            android:permission="com.google.android.gms.auth.api.signin.permission.REVOCATION_NOTIFICATION" />
184-->[com.google.android.gms:play-services-auth:16.0.1] AndroidManifest.xml:36:13-107
185
186        <activity
186-->[com.google.android.gms:play-services-base:17.1.0] AndroidManifest.xml:23:9-26:75
187            android:name="com.google.android.gms.common.api.GoogleApiActivity"
187-->[com.google.android.gms:play-services-base:17.1.0] AndroidManifest.xml:24:13-79
188            android:exported="false"
188-->[com.google.android.gms:play-services-base:17.1.0] AndroidManifest.xml:25:13-37
189            android:theme="@android:style/Theme.Translucent.NoTitleBar" />
189-->[com.google.android.gms:play-services-base:17.1.0] AndroidManifest.xml:26:13-72
190        <activity android:name="com.facebook.CustomTabMainActivity" />
190-->[com.facebook.android:facebook-common:5.5.1] AndroidManifest.xml:33:9-71
190-->[com.facebook.android:facebook-common:5.5.1] AndroidManifest.xml:33:19-68
191
192        <receiver
192-->[com.google.android.gms:play-services-measurement:18.0.3] AndroidManifest.xml:29:9-33:20
193            android:name="com.google.android.gms.measurement.AppMeasurementReceiver"
193-->[com.google.android.gms:play-services-measurement:18.0.3] AndroidManifest.xml:30:13-85
194            android:enabled="true"
194-->[com.google.android.gms:play-services-measurement:18.0.3] AndroidManifest.xml:31:13-35
195            android:exported="false" >
195-->[com.google.android.gms:play-services-measurement:18.0.3] AndroidManifest.xml:32:13-37
196        </receiver>
197
198        <service
198-->[com.google.android.gms:play-services-measurement:18.0.3] AndroidManifest.xml:35:9-38:40
199            android:name="com.google.android.gms.measurement.AppMeasurementService"
199-->[com.google.android.gms:play-services-measurement:18.0.3] AndroidManifest.xml:36:13-84
200            android:enabled="true"
200-->[com.google.android.gms:play-services-measurement:18.0.3] AndroidManifest.xml:37:13-35
201            android:exported="false" />
201-->[com.google.android.gms:play-services-measurement:18.0.3] AndroidManifest.xml:38:13-37
202        <service
202-->[com.google.android.gms:play-services-measurement:18.0.3] AndroidManifest.xml:39:9-43:72
203            android:name="com.google.android.gms.measurement.AppMeasurementJobService"
203-->[com.google.android.gms:play-services-measurement:18.0.3] AndroidManifest.xml:40:13-87
204            android:enabled="true"
204-->[com.google.android.gms:play-services-measurement:18.0.3] AndroidManifest.xml:41:13-35
205            android:exported="false"
205-->[com.google.android.gms:play-services-measurement:18.0.3] AndroidManifest.xml:42:13-37
206            android:permission="android.permission.BIND_JOB_SERVICE" />
206-->[com.google.android.gms:play-services-measurement:18.0.3] AndroidManifest.xml:43:13-69
207
208        <meta-data
208-->[com.google.android.gms:play-services-basement:17.1.0] AndroidManifest.xml:23:9-25:69
209            android:name="com.google.android.gms.version"
209-->[com.google.android.gms:play-services-basement:17.1.0] AndroidManifest.xml:24:13-58
210            android:value="@integer/google_play_services_version" />
210-->[com.google.android.gms:play-services-basement:17.1.0] AndroidManifest.xml:25:13-66
211        <!--
212         The initialization ContentProvider will call FacebookSdk.sdkInitialize automatically
213         with the application context. This config is merged in with the host app's manifest,
214         but there can only be one provider with the same authority activated at any given
215         point; so if the end user has two or more different apps that use Facebook SDK, only the
216         first one will be able to use the provider. To work around this problem, we use the
217         following placeholder in the authority to identify each host application as if it was
218         a completely different provider.
219        -->
220        <provider
220-->[com.facebook.android:facebook-core:5.5.1] AndroidManifest.xml:39:9-42:40
221            android:name="com.facebook.internal.FacebookInitProvider"
221-->[com.facebook.android:facebook-core:5.5.1] AndroidManifest.xml:40:13-70
222            android:authorities="com.example.login_app.FacebookInitProvider"
222-->[com.facebook.android:facebook-core:5.5.1] AndroidManifest.xml:41:13-72
223            android:exported="false" />
223-->[com.facebook.android:facebook-core:5.5.1] AndroidManifest.xml:42:13-37
224
225        <receiver
225-->[com.facebook.android:facebook-core:5.5.1] AndroidManifest.xml:44:9-50:20
226            android:name="com.facebook.CurrentAccessTokenExpirationBroadcastReceiver"
226-->[com.facebook.android:facebook-core:5.5.1] AndroidManifest.xml:45:13-86
227            android:exported="false" >
227-->[com.facebook.android:facebook-core:5.5.1] AndroidManifest.xml:46:13-37
228            <intent-filter>
228-->[com.facebook.android:facebook-core:5.5.1] AndroidManifest.xml:47:13-49:29
229                <action android:name="com.facebook.sdk.ACTION_CURRENT_ACCESS_TOKEN_CHANGED" />
229-->[com.facebook.android:facebook-core:5.5.1] AndroidManifest.xml:48:17-95
229-->[com.facebook.android:facebook-core:5.5.1] AndroidManifest.xml:48:25-92
230            </intent-filter>
231        </receiver>
232        <receiver
232-->[com.facebook.android:facebook-core:5.5.1] AndroidManifest.xml:51:9-58:20
233            android:name="com.facebook.CampaignTrackingReceiver"
233-->[com.facebook.android:facebook-core:5.5.1] AndroidManifest.xml:52:13-65
234            android:exported="true"
234-->[com.facebook.android:facebook-core:5.5.1] AndroidManifest.xml:53:13-36
235            android:permission="android.permission.INSTALL_PACKAGES" >
235-->[com.facebook.android:facebook-core:5.5.1] AndroidManifest.xml:54:13-69
236            <intent-filter>
236-->[com.facebook.android:facebook-core:5.5.1] AndroidManifest.xml:55:13-57:29
237                <action android:name="com.android.vending.INSTALL_REFERRER" />
237-->[com.facebook.android:facebook-core:5.5.1] AndroidManifest.xml:56:17-79
237-->[com.facebook.android:facebook-core:5.5.1] AndroidManifest.xml:56:25-76
238            </intent-filter>
239        </receiver>
240    </application>
241
242</manifest>